mode: atomic
github.com/matheus-cal/k8s-secret-cloner/hook/src/config/config.go:16.45,31.31 3 4
github.com/matheus-cal/k8s-secret-cloner/hook/src/config/config.go:46.2,46.20 1 2
github.com/matheus-cal/k8s-secret-cloner/hook/src/config/config.go:31.31,34.10 2 20
github.com/matheus-cal/k8s-secret-cloner/hook/src/config/config.go:39.3,39.16 1 19
github.com/matheus-cal/k8s-secret-cloner/hook/src/config/config.go:43.3,43.24 1 18
github.com/matheus-cal/k8s-secret-cloner/hook/src/config/config.go:34.10,37.4 2 1
github.com/matheus-cal/k8s-secret-cloner/hook/src/config/config.go:39.16,42.4 2 1
github.com/matheus-cal/k8s-secret-cloner/hook/src/config/config.go:49.56,55.16 3 1
github.com/matheus-cal/k8s-secret-cloner/hook/src/config/config.go:75.2,79.16 4 1
github.com/matheus-cal/k8s-secret-cloner/hook/src/config/config.go:83.2,83.29 1 1
github.com/matheus-cal/k8s-secret-cloner/hook/src/config/config.go:55.16,59.44 2 1
github.com/matheus-cal/k8s-secret-cloner/hook/src/config/config.go:65.3,70.17 3 1
github.com/matheus-cal/k8s-secret-cloner/hook/src/config/config.go:59.44,61.4 1 1
github.com/matheus-cal/k8s-secret-cloner/hook/src/config/config.go:61.9,63.4 1 0
github.com/matheus-cal/k8s-secret-cloner/hook/src/config/config.go:70.17,71.22 1 0
github.com/matheus-cal/k8s-secret-cloner/hook/src/config/config.go:79.16,80.21 1 0
